<?xml version="1.0" encoding="UTF-8"?>
<!-- Generated by org.testng.reporters.JUnitXMLReporter -->
<testsuite hostname="LAPTOP-81USCNH7" ignored="0" name="Exercise1" tests="1" failures="0" timestamp="02 Feb 2021 06:32:46 GMT" time="0.277" errors="0">
  <testcase name="@BeforeTest initialize" time="0.128" classname="com.amazon.pom.testscenarios.SearchTest">
    <failure type="java.lang.NoSuchMethodError" message="org.openqa.selenium.chrome.ChromeOptions.addArguments([Ljava/lang/String;)Lorg/openqa/selenium/chrome/ChromeOptions;">
      <![CDATA[java.lang.NoSuchMethodError: org.openqa.selenium.chrome.ChromeOptions.addArguments([Ljava/lang/String;)Lorg/openqa/selenium/chrome/ChromeOptions;
at com.amazon.pom.base.BaseTest.initialization(BaseTest.java:43)
at com.amazon.pom.testscenarios.SearchTest.initialize(SearchTest.java:23)
... Removed 24 stack frames]]>
    </failure>
  </testcase> <!-- @BeforeTest initialize -->
  <testcase name="verifyContactsPageLabel" time="0.012" classname="com.amazon.pom.testscenarios.SearchTest"/>
</testsuite> <!-- Exercise1 -->
