<?xml version="1.0" encoding="UTF-8"?>
<testng-results skipped="0" failed="0" ignored="0" total="1" passed="1">
  <reporter-output>
  </reporter-output>
  <suite name="Suite1" duration-ms="277" started-at="2021-02-02T06:32:45Z" finished-at="2021-02-02T06:32:46Z">
    <groups>
    </groups>
    <test name="Exercise1" duration-ms="277" started-at="2021-02-02T06:32:45Z" finished-at="2021-02-02T06:32:46Z">
      <class name="com.amazon.pom.testscenarios.SearchTest">
        <test-method status="FAIL" signature="initialize()[pri:0, instance:com.amazon.pom.testscenarios.SearchTest@365185bd]" name="initialize" is-config="true" duration-ms="128" started-at="2021-02-02T06:32:45Z" finished-at="2021-02-02T06:32:46Z">
          <exception class="java.lang.NoSuchMethodError">
            <message>
              <![CDATA[org.openqa.selenium.chrome.ChromeOptions.addArguments([Ljava/lang/String;)Lorg/openqa/selenium/chrome/ChromeOptions;]]>
            </message>
            <full-stacktrace>
              <![CDATA[java.lang.NoSuchMethodError: org.openqa.selenium.chrome.ChromeOptions.addArguments([Ljava/lang/String;)Lorg/openqa/selenium/chrome/ChromeOptions;
at com.amazon.pom.base.BaseTest.initialization(BaseTest.java:43)
at com.amazon.pom.testscenarios.SearchTest.initialize(SearchTest.java:23)
at sun.reflect.NativeMethodAccessorImpl.invoke0(Native Method)
at sun.reflect.NativeMethodAccessorImpl.invoke(NativeMethodAccessorImpl.java:62)
at sun.reflect.DelegatingMethodAccessorImpl.invoke(DelegatingMethodAccessorImpl.java:43)
at java.lang.reflect.Method.invoke(Method.java:498)
at org.testng.internal.MethodInvocationHelper.invokeMethod(MethodInvocationHelper.java:124)
at org.testng.internal.MethodInvocationHelper.invokeMethodConsideringTimeout(MethodInvocationHelper.java:59)
at org.testng.internal.Invoker.invokeConfigurationMethod(Invoker.java:455)
at org.testng.internal.Invoker.invokeConfigurations(Invoker.java:222)
at org.testng.internal.Invoker.invokeConfigurations(Invoker.java:142)
at org.testng.TestRunner.beforeRun(TestRunner.java:529)
at org.testng.TestRunner.run(TestRunner.java:497)
at org.testng.SuiteRunner.runTest(SuiteRunner.java:455)
at org.testng.SuiteRunner.runSequentially(SuiteRunner.java:450)
at org.testng.SuiteRunner.privateRun(SuiteRunner.java:415)
at org.testng.SuiteRunner.run(SuiteRunner.java:364)
at org.testng.SuiteRunnerWorker.runSuite(SuiteRunnerWorker.java:52)
at org.testng.SuiteRunnerWorker.run(SuiteRunnerWorker.java:84)
at org.testng.TestNG.runSuitesSequentially(TestNG.java:1208)
at org.testng.TestNG.runSuitesLocally(TestNG.java:1137)
at org.testng.TestNG.runSuites(TestNG.java:1049)
at org.testng.TestNG.run(TestNG.java:1017)
at org.testng.remote.AbstractRemoteTestNG.run(AbstractRemoteTestNG.java:114)
at org.testng.remote.RemoteTestNG.initAndRun(RemoteTestNG.java:251)
at org.testng.remote.RemoteTestNG.main(RemoteTestNG.java:77)
]]>
            </full-stacktrace>
          </exception> <!-- java.lang.NoSuchMethodError -->
          <reporter-output>
          </reporter-output>
        </test-method> <!-- initialize -->
        <test-method status="PASS" signature="verifyContactsPageLabel()[pri:0, instance:com.amazon.pom.testscenarios.SearchTest@365185bd]" name="verifyContactsPageLabel" duration-ms="12" started-at="2021-02-02T06:32:46Z" finished-at="2021-02-02T06:32:46Z">
          <reporter-output>
          </reporter-output>
        </test-method> <!-- verifyContactsPageLabel -->
      </class> <!-- com.amazon.pom.testscenarios.SearchTest -->
    </test> <!-- Exercise1 -->
  </suite> <!-- Suite1 -->
</testng-results>
